<html>
<head>
<title>TestNG:  Execute Package</title>
<link href="../testng.css" rel="stylesheet" type="text/css" />
<link href="../my-testng.css" rel="stylesheet" type="text/css" />

<style type="text/css">
.log { display: none;} 
.stack-trace { display: none;} 
</style>
<script type="text/javascript">
<!--
function flip(e) {
  current = e.style.display;
  if (current == 'block') {
    e.style.display = 'none';
    return 0;
  }
  else {
    e.style.display = 'block';
    return 1;
  }
}

function toggleBox(szDivId, elem, msg1, msg2)
{
  var res = -1;  if (document.getElementById) {
    res = flip(document.getElementById(szDivId));
  }
  else if (document.all) {
    // this is the way old msie versions work
    res = flip(document.all[szDivId]);
  }
  if(elem) {
    if(res == 0) elem.innerHTML = msg1; else elem.innerHTML = msg2;
  }

}

function toggleAllBoxes() {
  if (document.getElementsByTagName) {
    d = document.getElementsByTagName('div');
    for (i = 0; i < d.length; i++) {
      if (d[i].className == 'log') {
        flip(d[i]);
      }
    }
  }
}

// -->
</script>

</head>
<body>
<h2 align='center'>Execute Package</h2><table border='1' align="center">
<tr>
<td>Tests passed/Failed/Skipped:</td><td>19/2/0</td>
</tr><tr>
<td>Started on:</td><td>Tue Oct 21 21:49:42 IST 2025</td>
</tr>
<tr><td>Total time:</td><td>219 seconds (219659 ms)</td>
</tr><tr>
<td>Included groups:</td><td></td>
</tr><tr>
<td>Excluded groups:</td><td></td>
</tr>
</table><p/>
<small><i>(Hover the method name to see the test class name)</i></small><p/>
<table width='100%' border='1' class='invocation-failed'>
<tr><td colspan='4' align='center'><b>FAILED TESTS</b></td></tr>
<tr><td><b>Test method</b></td>
<td><b>Attribute(s)</b></td>
<td width="30%"><b>Exception</b></td>
<td width="10%"><b>Time (seconds)</b></td>
<td><b>Instance</b></td>
</tr>
<tr>
<td title='com.TestNGDemos.D06DataProviderDemo.loginToOHRM()'><b>loginToOHRM</b><br>Test class: com.TestNGDemos.D06DataProviderDemo<br>Parameters: aparna, aparna123</td>
<td><div><pre>java.lang.AssertionError: expected [true] but found [false]
	at com.TestNGDemos.D06DataProviderDemo.loginToOHRM(D06DataProviderDemo.java:31)
	at java.base/java.util.ArrayList.forEach(ArrayList.java:1511)
... Removed 31 stack frames</pre></div><a href='#' onClick='toggleBox("stack-trace905488851", this, "Click to show all stack frames", "Click to hide stack frames")'>Click to show all stack frames</a>
<div class='stack-trace' id='stack-trace905488851'><pre>java.lang.AssertionError: expected [true] but found [false]
	at org.testng.Assert.fail(Assert.java:111)
	at org.testng.Assert.failNotEquals(Assert.java:1590)
	at org.testng.Assert.assertTrue(Assert.java:57)
	at org.testng.Assert.assertTrue(Assert.java:67)
	at com.TestNGDemos.D06DataProviderDemo.loginToOHRM(D06DataProviderDemo.java:31)
	at java.base/jdk.internal.reflect.NativeMethodAccessorImpl.invoke0(Native Method)
	at java.base/jdk.internal.reflect.NativeMethodAccessorImpl.invoke(NativeMethodAccessorImpl.java:77)
	at java.base/jdk.internal.reflect.DelegatingMethodAccessorImpl.invoke(DelegatingMethodAccessorImpl.java:43)
	at java.base/java.lang.reflect.Method.invoke(Method.java:568)
	at org.testng.internal.invokers.MethodInvocationHelper.invokeMethod(MethodInvocationHelper.java:141)
	at org.testng.internal.invokers.TestInvoker.invokeMethod(TestInvoker.java:687)
	at org.testng.internal.invokers.TestInvoker.invokeTestMethod(TestInvoker.java:230)
	at org.testng.internal.invokers.MethodRunner.runInSequence(MethodRunner.java:63)
	at org.testng.internal.invokers.TestInvoker$MethodInvocationAgent.invoke(TestInvoker.java:995)
	at org.testng.internal.invokers.TestInvoker.invokeTestMethods(TestInvoker.java:203)
	at org.testng.internal.invokers.TestMethodWorker.invokeTestMethods(TestMethodWorker.java:154)
	at org.testng.internal.invokers.TestMethodWorker.run(TestMethodWorker.java:134)
	at java.base/java.util.ArrayList.forEach(ArrayList.java:1511)
	at org.testng.TestRunner.privateRun(TestRunner.java:741)
	at org.testng.TestRunner.run(TestRunner.java:616)
	at org.testng.SuiteRunner.runTest(SuiteRunner.java:421)
	at org.testng.SuiteRunner.runSequentially(SuiteRunner.java:413)
	at org.testng.SuiteRunner.privateRun(SuiteRunner.java:373)
	at org.testng.SuiteRunner.run(SuiteRunner.java:312)
	at org.testng.SuiteRunnerWorker.runSuite(SuiteRunnerWorker.java:52)
	at org.testng.SuiteRunnerWorker.run(SuiteRunnerWorker.java:95)
	at org.testng.TestNG.runSuitesSequentially(TestNG.java:1274)
	at org.testng.TestNG.runSuitesLocally(TestNG.java:1208)
	at org.testng.TestNG.runSuites(TestNG.java:1112)
	at org.testng.TestNG.run(TestNG.java:1079)
	at org.testng.remote.AbstractRemoteTestNG.run(AbstractRemoteTestNG.java:115)
	at org.testng.remote.RemoteTestNG.initAndRun(RemoteTestNG.java:293)
	at org.testng.remote.RemoteTestNG.main(RemoteTestNG.java:91)
</pre></div></td>
<td>1</td>
<td>com.TestNGDemos.D06DataProviderDemo@2cd76f31</td></tr>
<tr>
<td title='com.TestNGDemos.D06DataProviderDemo.loginToOHRM()'><b>loginToOHRM</b><br>Test class: com.TestNGDemos.D06DataProviderDemo<br>Parameters: trapti, trapti123</td>
<td><div><pre>java.lang.AssertionError: expected [true] but found [false]
	at com.TestNGDemos.D06DataProviderDemo.loginToOHRM(D06DataProviderDemo.java:31)
	at java.base/java.util.ArrayList.forEach(ArrayList.java:1511)
... Removed 31 stack frames</pre></div><a href='#' onClick='toggleBox("stack-trace991242536", this, "Click to show all stack frames", "Click to hide stack frames")'>Click to show all stack frames</a>
<div class='stack-trace' id='stack-trace991242536'><pre>java.lang.AssertionError: expected [true] but found [false]
	at org.testng.Assert.fail(Assert.java:111)
	at org.testng.Assert.failNotEquals(Assert.java:1590)
	at org.testng.Assert.assertTrue(Assert.java:57)
	at org.testng.Assert.assertTrue(Assert.java:67)
	at com.TestNGDemos.D06DataProviderDemo.loginToOHRM(D06DataProviderDemo.java:31)
	at java.base/jdk.internal.reflect.NativeMethodAccessorImpl.invoke0(Native Method)
	at java.base/jdk.internal.reflect.NativeMethodAccessorImpl.invoke(NativeMethodAccessorImpl.java:77)
	at java.base/jdk.internal.reflect.DelegatingMethodAccessorImpl.invoke(DelegatingMethodAccessorImpl.java:43)
	at java.base/java.lang.reflect.Method.invoke(Method.java:568)
	at org.testng.internal.invokers.MethodInvocationHelper.invokeMethod(MethodInvocationHelper.java:141)
	at org.testng.internal.invokers.TestInvoker.invokeMethod(TestInvoker.java:687)
	at org.testng.internal.invokers.TestInvoker.invokeTestMethod(TestInvoker.java:230)
	at org.testng.internal.invokers.MethodRunner.runInSequence(MethodRunner.java:63)
	at org.testng.internal.invokers.TestInvoker$MethodInvocationAgent.invoke(TestInvoker.java:995)
	at org.testng.internal.invokers.TestInvoker.invokeTestMethods(TestInvoker.java:203)
	at org.testng.internal.invokers.TestMethodWorker.invokeTestMethods(TestMethodWorker.java:154)
	at org.testng.internal.invokers.TestMethodWorker.run(TestMethodWorker.java:134)
	at java.base/java.util.ArrayList.forEach(ArrayList.java:1511)
	at org.testng.TestRunner.privateRun(TestRunner.java:741)
	at org.testng.TestRunner.run(TestRunner.java:616)
	at org.testng.SuiteRunner.runTest(SuiteRunner.java:421)
	at org.testng.SuiteRunner.runSequentially(SuiteRunner.java:413)
	at org.testng.SuiteRunner.privateRun(SuiteRunner.java:373)
	at org.testng.SuiteRunner.run(SuiteRunner.java:312)
	at org.testng.SuiteRunnerWorker.runSuite(SuiteRunnerWorker.java:52)
	at org.testng.SuiteRunnerWorker.run(SuiteRunnerWorker.java:95)
	at org.testng.TestNG.runSuitesSequentially(TestNG.java:1274)
	at org.testng.TestNG.runSuitesLocally(TestNG.java:1208)
	at org.testng.TestNG.runSuites(TestNG.java:1112)
	at org.testng.TestNG.run(TestNG.java:1079)
	at org.testng.remote.AbstractRemoteTestNG.run(AbstractRemoteTestNG.java:115)
	at org.testng.remote.RemoteTestNG.initAndRun(RemoteTestNG.java:293)
	at org.testng.remote.RemoteTestNG.main(RemoteTestNG.java:91)
</pre></div></td>
<td>1</td>
<td>com.TestNGDemos.D06DataProviderDemo@2cd76f31</td></tr>
</table><p>
<table width='100%' border='1' class='invocation-passed'>
<tr><td colspan='4' align='center'><b>PASSED TESTS</b></td></tr>
<tr><td><b>Test method</b></td>
<td><b>Attribute(s)</b></td>
<td width="30%"><b>Exception</b></td>
<td width="10%"><b>Time (seconds)</b></td>
<td><b>Instance</b></td>
</tr>
<tr>
<td title='com.TestNGDemos.D02TestOSApplication.testFirstCry()'><b>testFirstCry</b><br>Test class: com.TestNGDemos.D02TestOSApplication</td>
<td></td>
<td>10</td>
<td>com.TestNGDemos.D02TestOSApplication@3b69e7d1</td></tr>
<tr>
<td title='com.TestNGDemos.D01FirstTest.testJquery()'><b>testJquery</b><br>Test class: com.TestNGDemos.D01FirstTest</td>
<td></td>
<td>6</td>
<td>com.TestNGDemos.D01FirstTest@2d1ef81a</td></tr>
<tr>
<td title='com.TestNGDemos.D05AmazonAssignment.clickOnSell()'><b>clickOnSell</b><br>Test class: com.TestNGDemos.D05AmazonAssignment</td>
<td></td>
<td>7</td>
<td>com.TestNGDemos.D05AmazonAssignment@40005471</td></tr>
<tr>
<td title='com.TestNGDemos.D02TestOSApplication.testLittleBox()'><b>testLittleBox</b><br>Test class: com.TestNGDemos.D02TestOSApplication</td>
<td></td>
<td>14</td>
<td>com.TestNGDemos.D02TestOSApplication@3b69e7d1</td></tr>
<tr>
<td title='com.TestNGDemos.D03Before_AfterTest.testOnyc()'><b>testOnyc</b><br>Test class: com.TestNGDemos.D03Before_AfterTest</td>
<td></td>
<td>8</td>
<td>com.TestNGDemos.D03Before_AfterTest@302552ec</td></tr>
<tr>
<td title='com.TestNGDemos.D04Before_After_Method.testLibas()'><b>testLibas</b><br>Test class: com.TestNGDemos.D04Before_After_Method</td>
<td></td>
<td>9</td>
<td>com.TestNGDemos.D04Before_After_Method@3d285d7e</td></tr>
<tr>
<td title='com.TestNGDemos.D05AmazonAssignment.clickOnAmazonPay()'><b>clickOnAmazonPay</b><br>Test class: com.TestNGDemos.D05AmazonAssignment</td>
<td></td>
<td>2</td>
<td>com.TestNGDemos.D05AmazonAssignment@40005471</td></tr>
<tr>
<td title='com.TestNGDemos.D02TestOSApplication.testLibas()'><b>testLibas</b><br>Test class: com.TestNGDemos.D02TestOSApplication</td>
<td></td>
<td>11</td>
<td>com.TestNGDemos.D02TestOSApplication@3b69e7d1</td></tr>
<tr>
<td title='com.TestNGDemos.D03Before_AfterTest.testFirstCry()'><b>testFirstCry</b><br>Test class: com.TestNGDemos.D03Before_AfterTest</td>
<td></td>
<td>6</td>
<td>com.TestNGDemos.D03Before_AfterTest@302552ec</td></tr>
<tr>
<td title='com.TestNGDemos.D04Before_After_Method.testFirstCry()'><b>testFirstCry</b><br>Test class: com.TestNGDemos.D04Before_After_Method</td>
<td></td>
<td>5</td>
<td>com.TestNGDemos.D04Before_After_Method@3d285d7e</td></tr>
<tr>
<td title='com.TestNGDemos.D03Before_AfterTest.testLibas()'><b>testLibas</b><br>Test class: com.TestNGDemos.D03Before_AfterTest</td>
<td></td>
<td>7</td>
<td>com.TestNGDemos.D03Before_AfterTest@302552ec</td></tr>
<tr>
<td title='com.TestNGDemos.D04Before_After_Method.testLittleBox()'><b>testLittleBox</b><br>Test class: com.TestNGDemos.D04Before_After_Method</td>
<td></td>
<td>8</td>
<td>com.TestNGDemos.D04Before_After_Method@3d285d7e</td></tr>
<tr>
<td title='com.TestNGDemos.D02TestOSApplication.testOnyc()'><b>testOnyc</b><br>Test class: com.TestNGDemos.D02TestOSApplication</td>
<td></td>
<td>38</td>
<td>com.TestNGDemos.D02TestOSApplication@3b69e7d1</td></tr>
<tr>
<td title='com.TestNGDemos.D04Before_After_Method.testOnyc()'><b>testOnyc</b><br>Test class: com.TestNGDemos.D04Before_After_Method</td>
<td></td>
<td>13</td>
<td>com.TestNGDemos.D04Before_After_Method@3d285d7e</td></tr>
<tr>
<td title='com.TestNGDemos.D03Before_AfterTest.testLittleBox()'><b>testLittleBox</b><br>Test class: com.TestNGDemos.D03Before_AfterTest</td>
<td></td>
<td>8</td>
<td>com.TestNGDemos.D03Before_AfterTest@302552ec</td></tr>
<tr>
<td title='com.TestNGDemos.D06DataProviderDemo.loginToOHRM()'><b>loginToOHRM</b><br>Test class: com.TestNGDemos.D06DataProviderDemo<br>Parameters: admin, admin123</td>
<td></td>
<td>2</td>
<td>com.TestNGDemos.D06DataProviderDemo@2cd76f31</td></tr>
<tr>
<td title='com.TestNGDemos.D05AmazonAssignment.clickOnMXPlayer()'><b>clickOnMXPlayer</b><br>Test class: com.TestNGDemos.D05AmazonAssignment</td>
<td></td>
<td>5</td>
<td>com.TestNGDemos.D05AmazonAssignment@40005471</td></tr>
<tr>
<td title='com.TestNGDemos.D06DataProviderDemo.loginToOHRM()'><b>loginToOHRM</b><br>Test class: com.TestNGDemos.D06DataProviderDemo<br>Parameters: admin, admin123</td>
<td></td>
<td>1</td>
<td>com.TestNGDemos.D06DataProviderDemo@2cd76f31</td></tr>
<tr>
<td title='com.TestNGDemos.D05AmazonAssignment.clickOnTodaysDeals()'><b>clickOnTodaysDeals</b><br>Test class: com.TestNGDemos.D05AmazonAssignment</td>
<td></td>
<td>3</td>
<td>com.TestNGDemos.D05AmazonAssignment@40005471</td></tr>
</table><p>
</body>
</html>